2025-09-05 19:15:13,092 [Worker-7: Loading available Gradle versions] INFO  o.e.b.c.i.u.g.PublishedGradleVersions - Gradle version information cache is not available. Remote download required.
2025-09-05 19:16:28,637 [Worker-7: Loading available Gradle versions] INFO  o.e.b.c.i.u.g.PublishedGradleVersions - Gradle version information cache is up-to-date. Trying to read.
2025-09-05 19:16:54,096 [Worker-5: Importing Maven projects] INFO  o.e.m.c.i.l.LifecycleMappingFactory - Using org.eclipse.m2e.jdt.JarLifecycleMapping lifecycle mapping for MavenProject: com.klef.jenkinsfsd:JenkinsFullStackDemo1:0.0.1-SNAPSHOT @ D:\2025-26 odd sem\FRONTEND+BACKEND\JENKINS-FULLSTACK\EMPLOYEEAPI-BACKEND\pom.xml.
2025-09-05 19:16:56,796 [Worker-5: Importing Maven projects] INFO  o.e.m.j.i.AbstractJavaProjectConfigurator - Adding source folder /EMPLOYEEAPI-BACKEND/src/main/java
2025-09-05 19:16:56,826 [Worker-5: Importing Maven projects] INFO  o.e.m.j.i.AbstractJavaProjectConfigurator - Adding resource folder /EMPLOYEEAPI-BACKEND/src/main/resources
2025-09-05 19:16:56,827 [Worker-5: Importing Maven projects] INFO  o.e.m.j.i.AbstractJavaProjectConfigurator - Adding resource folder /EMPLOYEEAPI-BACKEND/src/main/resources
2025-09-05 19:16:56,832 [Worker-5: Importing Maven projects] INFO  o.e.m.j.i.AbstractJavaProjectConfigurator - Adding source folder /EMPLOYEEAPI-BACKEND/src/test/java
2025-09-05 19:16:56,834 [Worker-5: Importing Maven projects] INFO  o.e.m.j.i.AbstractJavaProjectConfigurator - Adding resource folder /EMPLOYEEAPI-BACKEND/src/test/resources
2025-09-05 19:16:57,579 [Worker-5: Importing Maven projects] INFO  o.e.m.c.i.p.ProjectConfigurationManager - Imported and configured 1 project(s) in 6 sec
2025-09-05 19:16:58,164 [Worker-16: Updating Maven Project] INFO  o.e.m.c.i.p.ProjectConfigurationManager - Update started
2025-09-05 19:16:59,047 [Worker-16: Updating Maven Project] INFO  o.e.m.c.i.l.LifecycleMappingFactory - Using org.eclipse.m2e.jdt.JarLifecycleMapping lifecycle mapping for MavenProject: com.klef.jenkinsfsd:JenkinsFullStackDemo1:0.0.1-SNAPSHOT @ D:\2025-26 odd sem\FRONTEND+BACKEND\JENKINS-FULLSTACK\EMPLOYEEAPI-BACKEND\pom.xml.
2025-09-05 19:17:00,138 [Worker-16: Updating Maven Project] INFO  o.e.m.j.i.AbstractJavaProjectConfigurator - Adding source folder /EMPLOYEEAPI-BACKEND/src/main/java
2025-09-05 19:17:00,139 [Worker-16: Updating Maven Project] INFO  o.e.m.j.i.AbstractJavaProjectConfigurator - Adding resource folder /EMPLOYEEAPI-BACKEND/src/main/resources
2025-09-05 19:17:00,140 [Worker-16: Updating Maven Project] INFO  o.e.m.j.i.AbstractJavaProjectConfigurator - Adding resource folder /EMPLOYEEAPI-BACKEND/src/main/resources
2025-09-05 19:17:00,140 [Worker-16: Updating Maven Project] INFO  o.e.m.j.i.AbstractJavaProjectConfigurator - Adding source folder /EMPLOYEEAPI-BACKEND/src/test/java
2025-09-05 19:17:00,141 [Worker-16: Updating Maven Project] INFO  o.e.m.j.i.AbstractJavaProjectConfigurator - Adding resource folder /EMPLOYEEAPI-BACKEND/src/test/resources
2025-09-05 19:17:00,949 [Worker-16: Updating Maven Project] INFO  o.e.m.c.i.p.ProjectConfigurationManager - Update completed for 1 poms: local refresh takes 0.00 sec, refresh facades takes 1.00 sec, update config takes 0.00 sec 
2025-09-05 19:17:04,274 [Worker-14: Building] INFO  o.a.m.s.f.DefaultMavenResourcesFiltering - Copying 1 resource from src\main\resources to target\classes
2025-09-05 19:17:04,410 [Worker-14: Building] INFO  o.a.m.s.f.DefaultMavenResourcesFiltering - Copying 0 resource from src\main\resources to target\classes
2025-09-05 19:17:04,417 [Worker-14: Building] INFO  o.a.m.s.f.DefaultMavenResourcesFiltering - skip non existing resourceDirectory D:\2025-26 odd sem\FRONTEND+BACKEND\JENKINS-FULLSTACK\EMPLOYEEAPI-BACKEND\src\test\resources
2025-09-05 19:31:22,213 [Worker-15: Building] INFO  o.a.m.s.f.DefaultMavenResourcesFiltering - Copying 1 resource from src\main\resources to target\classes
2025-09-05 19:31:22,218 [Worker-15: Building] INFO  o.a.m.s.f.DefaultMavenResourcesFiltering - Copying 0 resource from src\main\resources to target\classes
2025-09-05 19:31:22,220 [Worker-15: Building] INFO  o.a.m.s.f.DefaultMavenResourcesFiltering - skip non existing resourceDirectory D:\2025-26 odd sem\FRONTEND+BACKEND\JENKINS-FULLSTACK\EMPLOYEEAPI-BACKEND\src\test\resources
2025-09-05 19:31:43,323 [Worker-7: Building] INFO  o.a.m.s.f.DefaultMavenResourcesFiltering - Copying 1 resource from src\main\resources to target\classes
2025-09-05 19:31:43,328 [Worker-7: Building] INFO  o.a.m.s.f.DefaultMavenResourcesFiltering - Copying 0 resource from src\main\resources to target\classes
2025-09-05 19:31:43,331 [Worker-7: Building] INFO  o.a.m.s.f.DefaultMavenResourcesFiltering - skip non existing resourceDirectory D:\2025-26 odd sem\FRONTEND+BACKEND\JENKINS-FULLSTACK\EMPLOYEEAPI-BACKEND\src\test\resources
2025-09-05 19:32:48,486 [Worker-16: Building] INFO  o.a.m.s.f.DefaultMavenResourcesFiltering - Copying 1 resource from src\main\resources to target\classes
2025-09-05 19:32:48,499 [Worker-16: Building] INFO  o.a.m.s.f.DefaultMavenResourcesFiltering - Copying 0 resource from src\main\resources to target\classes
2025-09-05 19:32:48,501 [Worker-16: Building] INFO  o.a.m.s.f.DefaultMavenResourcesFiltering - skip non existing resourceDirectory D:\2025-26 odd sem\FRONTEND+BACKEND\JENKINS-FULLSTACK\EMPLOYEEAPI-BACKEND\src\test\resources
2025-09-05 19:33:20,568 [Worker-17: Building] INFO  o.a.m.s.f.DefaultMavenResourcesFiltering - Copying 1 resource from src\main\resources to target\classes
2025-09-05 19:33:20,574 [Worker-17: Building] INFO  o.a.m.s.f.DefaultMavenResourcesFiltering - Copying 0 resource from src\main\resources to target\classes
2025-09-05 19:33:20,577 [Worker-17: Building] INFO  o.a.m.s.f.DefaultMavenResourcesFiltering - skip non existing resourceDirectory D:\2025-26 odd sem\FRONTEND+BACKEND\JENKINS-FULLSTACK\EMPLOYEEAPI-BACKEND\src\test\resources
2025-09-05 19:33:32,814 [Worker-12: Building] INFO  o.a.m.s.f.DefaultMavenResourcesFiltering - Copying 1 resource from src\main\resources to target\classes
2025-09-05 19:33:32,818 [Worker-12: Building] INFO  o.a.m.s.f.DefaultMavenResourcesFiltering - Copying 0 resource from src\main\resources to target\classes
2025-09-05 19:33:32,821 [Worker-12: Building] INFO  o.a.m.s.f.DefaultMavenResourcesFiltering - skip non existing resourceDirectory D:\2025-26 odd sem\FRONTEND+BACKEND\JENKINS-FULLSTACK\EMPLOYEEAPI-BACKEND\src\test\resources
2025-09-05 19:34:00,065 [Worker-7: Building] INFO  o.a.m.s.f.DefaultMavenResourcesFiltering - Copying 1 resource from src\main\resources to target\classes
2025-09-05 19:34:00,069 [Worker-7: Building] INFO  o.a.m.s.f.DefaultMavenResourcesFiltering - Copying 0 resource from src\main\resources to target\classes
2025-09-05 19:34:00,072 [Worker-7: Building] INFO  o.a.m.s.f.DefaultMavenResourcesFiltering - skip non existing resourceDirectory D:\2025-26 odd sem\FRONTEND+BACKEND\JENKINS-FULLSTACK\EMPLOYEEAPI-BACKEND\src\test\resources
2025-09-05 19:34:34,976 [Worker-3: Updating Maven Project] INFO  o.e.m.c.i.p.ProjectConfigurationManager - Update started
2025-09-05 19:34:35,613 [Worker-3: Updating Maven Project] INFO  o.e.m.c.i.l.LifecycleMappingFactory - Using org.eclipse.m2e.jdt.JarLifecycleMapping lifecycle mapping for MavenProject: com.klef.jenkinsfsd:JenkinsFullStackDemo1:0.0.1-SNAPSHOT @ D:\2025-26 odd sem\FRONTEND+BACKEND\JENKINS-FULLSTACK\EMPLOYEEAPI-BACKEND\pom.xml.
2025-09-05 19:34:36,077 [Worker-3: Updating Maven Project] INFO  o.e.m.j.i.AbstractJavaProjectConfigurator - Adding source folder /EMPLOYEEAPI-BACKEND/src/main/java
2025-09-05 19:34:36,078 [Worker-3: Updating Maven Project] INFO  o.e.m.j.i.AbstractJavaProjectConfigurator - Adding resource folder /EMPLOYEEAPI-BACKEND/src/main/resources
2025-09-05 19:34:36,078 [Worker-3: Updating Maven Project] INFO  o.e.m.j.i.AbstractJavaProjectConfigurator - Adding resource folder /EMPLOYEEAPI-BACKEND/src/main/resources
2025-09-05 19:34:36,078 [Worker-3: Updating Maven Project] INFO  o.e.m.j.i.AbstractJavaProjectConfigurator - Adding source folder /EMPLOYEEAPI-BACKEND/src/test/java
2025-09-05 19:34:36,079 [Worker-3: Updating Maven Project] INFO  o.e.m.j.i.AbstractJavaProjectConfigurator - Adding resource folder /EMPLOYEEAPI-BACKEND/src/test/resources
2025-09-05 19:34:36,290 [Worker-3: Updating Maven Project] INFO  o.e.m.c.i.p.ProjectConfigurationManager - Update completed for 1 poms: local refresh takes 0.00 sec, refresh facades takes 1.00 sec, update config takes 0.00 sec 
2025-09-05 19:34:36,608 [Worker-4: Building] INFO  o.a.m.s.f.DefaultMavenResourcesFiltering - Copying 1 resource from src\main\resources to target\classes
2025-09-05 19:34:36,628 [Worker-4: Building] INFO  o.a.m.s.f.DefaultMavenResourcesFiltering - Copying 0 resource from src\main\resources to target\classes
2025-09-05 19:34:36,634 [Worker-4: Building] INFO  o.a.m.s.f.DefaultMavenResourcesFiltering - skip non existing resourceDirectory D:\2025-26 odd sem\FRONTEND+BACKEND\JENKINS-FULLSTACK\EMPLOYEEAPI-BACKEND\src\test\resources
2025-09-05 19:38:24,119 [Worker-12: Building] INFO  o.a.m.s.f.DefaultMavenResourcesFiltering - Copying 1 resource from src\main\resources to target\classes
2025-09-05 19:38:24,127 [Worker-12: Building] INFO  o.a.m.s.f.DefaultMavenResourcesFiltering - Copying 0 resource from src\main\resources to target\classes
2025-09-05 19:38:24,130 [Worker-12: Building] INFO  o.a.m.s.f.DefaultMavenResourcesFiltering - skip non existing resourceDirectory D:\2025-26 odd sem\FRONTEND+BACKEND\JENKINS-FULLSTACK\EMPLOYEEAPI-BACKEND\src\test\resources
2025-09-05 23:52:08,190 [Worker-6: Loading available Gradle versions] INFO  o.e.b.c.i.u.g.PublishedGradleVersions - Gradle version information cache is up-to-date. Trying to read.
2025-09-06 00:16:27,162 [Worker-16: Building] INFO  o.a.m.s.f.DefaultMavenResourcesFiltering - Copying 1 resource from src\main\resources to target\classes
2025-09-06 00:16:27,224 [Worker-16: Building] INFO  o.a.m.s.f.DefaultMavenResourcesFiltering - Copying 0 resource from src\main\resources to target\classes
2025-09-06 00:16:27,233 [Worker-16: Building] INFO  o.a.m.s.f.DefaultMavenResourcesFiltering - skip non existing resourceDirectory D:\2025-26 odd sem\FRONTEND+BACKEND\JENKINS-FULLSTACK\EMPLOYEEAPI-BACKEND\src\test\resources
2025-09-06 00:17:42,157 [Worker-19: Building] INFO  o.a.m.s.f.DefaultMavenResourcesFiltering - Copying 1 resource from src\main\resources to target\classes
2025-09-06 00:17:42,167 [Worker-19: Building] INFO  o.a.m.s.f.DefaultMavenResourcesFiltering - Copying 0 resource from src\main\resources to target\classes
2025-09-06 00:17:42,172 [Worker-19: Building] INFO  o.a.m.s.f.DefaultMavenResourcesFiltering - skip non existing resourceDirectory D:\2025-26 odd sem\FRONTEND+BACKEND\JENKINS-FULLSTACK\EMPLOYEEAPI-BACKEND\src\test\resources
2025-09-06 00:23:44,808 [Worker-20: Building] INFO  o.a.m.s.f.DefaultMavenResourcesFiltering - Copying 1 resource from src\main\resources to target\classes
2025-09-06 00:23:44,815 [Worker-20: Building] INFO  o.a.m.s.f.DefaultMavenResourcesFiltering - Copying 0 resource from src\main\resources to target\classes
2025-09-06 00:23:44,819 [Worker-20: Building] INFO  o.a.m.s.f.DefaultMavenResourcesFiltering - skip non existing resourceDirectory D:\2025-26 odd sem\FRONTEND+BACKEND\JENKINS-FULLSTACK\EMPLOYEEAPI-BACKEND\src\test\resources
2025-09-06 00:23:48,478 [Worker-16: Building] INFO  o.e.m.c.i.l.LifecycleMappingFactory - Using org.maven.ide.eclipse.wtp.WarLifecycleMapping lifecycle mapping for MavenProject: com.klef.jenkinsfsd:JenkinsFullStackDemo1:0.0.1-SNAPSHOT @ D:\2025-26 odd sem\FRONTEND+BACKEND\JENKINS-FULLSTACK\EMPLOYEEAPI-BACKEND\pom.xml.
2025-09-06 00:23:49,862 [Worker-16: Building] INFO  o.a.m.s.f.DefaultMavenResourcesFiltering - Copying 0 resource from src\main\resources to target\classes
2025-09-06 00:23:49,863 [Worker-16: Building] INFO  o.a.m.s.f.DefaultMavenResourcesFiltering - Copying 0 resource from src\main\resources to target\classes
2025-09-06 00:23:49,869 [Worker-16: Building] INFO  o.a.m.s.f.DefaultMavenResourcesFiltering - skip non existing resourceDirectory D:\2025-26 odd sem\FRONTEND+BACKEND\JENKINS-FULLSTACK\EMPLOYEEAPI-BACKEND\src\test\resources
2025-09-06 00:23:49,877 [Worker-16: Building] INFO  o.e.m.w.i.f.ResourceFilteringBuildParticipant - Changed resources require a complete clean of filtered resources of EMPLOYEEAPI-BACKEND
2025-09-06 00:23:49,882 [Worker-16: Building] INFO  o.e.m.w.i.f.ResourceFilteringBuildParticipant - Executing resource filtering for EMPLOYEEAPI-BACKEND
2025-09-06 00:23:49,999 [Worker-16: Updating Maven Project] INFO  o.e.m.c.i.p.ProjectConfigurationManager - Update started
2025-09-06 00:23:50,436 [Worker-16: Updating Maven Project] INFO  o.e.m.c.i.l.LifecycleMappingFactory - Using org.maven.ide.eclipse.wtp.WarLifecycleMapping lifecycle mapping for MavenProject: com.klef.jenkinsfsd:JenkinsFullStackDemo1:0.0.1-SNAPSHOT @ D:\2025-26 odd sem\FRONTEND+BACKEND\JENKINS-FULLSTACK\EMPLOYEEAPI-BACKEND\pom.xml.
2025-09-06 00:23:51,821 [Worker-16: Updating Maven Project] INFO  o.e.m.j.i.AbstractJavaProjectConfigurator - Adding source folder /EMPLOYEEAPI-BACKEND/src/main/java
2025-09-06 00:23:51,824 [Worker-16: Updating Maven Project] INFO  o.e.m.j.i.AbstractJavaProjectConfigurator - Adding resource folder /EMPLOYEEAPI-BACKEND/src/main/resources
2025-09-06 00:23:51,825 [Worker-16: Updating Maven Project] INFO  o.e.m.j.i.AbstractJavaProjectConfigurator - Adding resource folder /EMPLOYEEAPI-BACKEND/src/main/resources
2025-09-06 00:23:51,826 [Worker-16: Updating Maven Project] INFO  o.e.m.j.i.AbstractJavaProjectConfigurator - Adding source folder /EMPLOYEEAPI-BACKEND/src/test/java
2025-09-06 00:23:51,827 [Worker-16: Updating Maven Project] INFO  o.e.m.j.i.AbstractJavaProjectConfigurator - Adding resource folder /EMPLOYEEAPI-BACKEND/src/test/resources
2025-09-06 00:23:53,611 [Worker-16: Updating Maven Project] INFO  o.e.m.w.i.f.ResourceFilteringBuildParticipant - Cleaning filtered folder for EMPLOYEEAPI-BACKEND
2025-09-06 00:23:53,692 [Worker-16: Updating Maven Project] INFO  o.e.m.c.i.p.ProjectConfigurationManager - Update completed for 1 poms: local refresh takes 0.00 sec, refresh facades takes 1.00 sec, update config takes 1.00 sec 
2025-09-06 00:23:53,699 [Worker-8: Updating Maven Project] INFO  o.e.m.c.i.p.ProjectConfigurationManager - Update started
2025-09-06 00:23:54,132 [Worker-8: Updating Maven Project] INFO  o.e.m.c.i.l.LifecycleMappingFactory - Using org.maven.ide.eclipse.wtp.WarLifecycleMapping lifecycle mapping for MavenProject: com.klef.jenkinsfsd:JenkinsFullStackDemo1:0.0.1-SNAPSHOT @ D:\2025-26 odd sem\FRONTEND+BACKEND\JENKINS-FULLSTACK\EMPLOYEEAPI-BACKEND\pom.xml.
2025-09-06 00:23:54,820 [Worker-8: Updating Maven Project] INFO  o.e.m.j.i.AbstractJavaProjectConfigurator - Adding source folder /EMPLOYEEAPI-BACKEND/src/main/java
2025-09-06 00:23:54,821 [Worker-8: Updating Maven Project] INFO  o.e.m.j.i.AbstractJavaProjectConfigurator - Adding resource folder /EMPLOYEEAPI-BACKEND/src/main/resources
2025-09-06 00:23:54,821 [Worker-8: Updating Maven Project] INFO  o.e.m.j.i.AbstractJavaProjectConfigurator - Adding resource folder /EMPLOYEEAPI-BACKEND/src/main/resources
2025-09-06 00:23:54,821 [Worker-8: Updating Maven Project] INFO  o.e.m.j.i.AbstractJavaProjectConfigurator - Adding source folder /EMPLOYEEAPI-BACKEND/src/test/java
2025-09-06 00:23:54,822 [Worker-8: Updating Maven Project] INFO  o.e.m.j.i.AbstractJavaProjectConfigurator - Adding resource folder /EMPLOYEEAPI-BACKEND/src/test/resources
2025-09-06 00:23:55,719 [Worker-8: Updating Maven Project] INFO  o.e.m.w.i.f.ResourceFilteringBuildParticipant - Cleaning filtered folder for EMPLOYEEAPI-BACKEND
2025-09-06 00:23:55,751 [Worker-8: Updating Maven Project] INFO  o.e.m.c.i.p.ProjectConfigurationManager - Update completed for 1 poms: local refresh takes 0.00 sec, refresh facades takes 1.00 sec, update config takes 0.00 sec 
2025-09-06 00:23:56,724 [Worker-19: Building] INFO  o.a.m.s.f.DefaultMavenResourcesFiltering - Copying 1 resource from src\main\resources to target\classes
2025-09-06 00:23:56,824 [Worker-19: Building] INFO  o.a.m.s.f.DefaultMavenResourcesFiltering - Copying 0 resource from src\main\resources to target\classes
2025-09-06 00:23:56,833 [Worker-19: Building] INFO  o.a.m.s.f.DefaultMavenResourcesFiltering - skip non existing resourceDirectory D:\2025-26 odd sem\FRONTEND+BACKEND\JENKINS-FULLSTACK\EMPLOYEEAPI-BACKEND\src\test\resources
2025-09-06 00:23:56,834 [Worker-19: Building] INFO  o.e.m.w.i.f.ResourceFilteringBuildParticipant - Changed resources require a complete clean of filtered resources of EMPLOYEEAPI-BACKEND
2025-09-06 00:23:56,834 [Worker-19: Building] INFO  o.e.m.w.i.f.ResourceFilteringBuildParticipant - Executing resource filtering for EMPLOYEEAPI-BACKEND
2025-09-06 00:32:17,344 [Worker-22: Building] INFO  o.e.m.c.i.l.LifecycleMappingFactory - Using org.maven.ide.eclipse.wtp.WarLifecycleMapping lifecycle mapping for MavenProject: com.klef.jenkinsfsd:JenkinsFullStackDemo1:0.0.1-SNAPSHOT @ D:\2025-26 odd sem\FRONTEND+BACKEND\JENKINS-FULLSTACK\EMPLOYEEAPI-BACKEND\pom.xml.
2025-09-06 00:32:18,117 [Worker-22: Building] INFO  o.a.m.s.f.DefaultMavenResourcesFiltering - Copying 0 resource from src\main\resources to target\classes
2025-09-06 00:32:18,119 [Worker-22: Building] INFO  o.a.m.s.f.DefaultMavenResourcesFiltering - Copying 0 resource from src\main\resources to target\classes
2025-09-06 00:32:18,124 [Worker-22: Building] INFO  o.a.m.s.f.DefaultMavenResourcesFiltering - skip non existing resourceDirectory D:\2025-26 odd sem\FRONTEND+BACKEND\JENKINS-FULLSTACK\EMPLOYEEAPI-BACKEND\src\test\resources
2025-09-06 00:32:18,124 [Worker-22: Building] INFO  o.e.m.w.i.f.ResourceFilteringBuildParticipant - Changed resources require a complete clean of filtered resources of EMPLOYEEAPI-BACKEND
2025-09-06 00:32:18,124 [Worker-22: Building] INFO  o.e.m.w.i.f.ResourceFilteringBuildParticipant - Executing resource filtering for EMPLOYEEAPI-BACKEND
2025-09-06 00:32:19,573 [Worker-17: Building] INFO  o.a.m.s.f.DefaultMavenResourcesFiltering - Copying 1 resource from src\main\resources to target\classes
2025-09-06 00:32:19,668 [Worker-17: Building] INFO  o.a.m.s.f.DefaultMavenResourcesFiltering - Copying 0 resource from src\main\resources to target\classes
2025-09-06 00:32:19,671 [Worker-17: Building] INFO  o.a.m.s.f.DefaultMavenResourcesFiltering - skip non existing resourceDirectory D:\2025-26 odd sem\FRONTEND+BACKEND\JENKINS-FULLSTACK\EMPLOYEEAPI-BACKEND\src\test\resources
2025-09-06 00:34:20,055 [Worker-22: Building] INFO  o.e.m.c.i.l.LifecycleMappingFactory - Using org.maven.ide.eclipse.wtp.WarLifecycleMapping lifecycle mapping for MavenProject: com.klef.jenkinsfsd:JenkinsFullStackDemo1:0.0.1-SNAPSHOT @ D:\2025-26 odd sem\FRONTEND+BACKEND\JENKINS-FULLSTACK\EMPLOYEEAPI-BACKEND\pom.xml.
2025-09-06 00:34:20,846 [Worker-22: Building] INFO  o.a.m.s.f.DefaultMavenResourcesFiltering - Copying 0 resource from src\main\resources to target\classes
2025-09-06 00:34:20,847 [Worker-22: Building] INFO  o.a.m.s.f.DefaultMavenResourcesFiltering - Copying 0 resource from src\main\resources to target\classes
2025-09-06 00:34:20,851 [Worker-22: Building] INFO  o.a.m.s.f.DefaultMavenResourcesFiltering - skip non existing resourceDirectory D:\2025-26 odd sem\FRONTEND+BACKEND\JENKINS-FULLSTACK\EMPLOYEEAPI-BACKEND\src\test\resources
2025-09-06 00:34:20,852 [Worker-22: Building] INFO  o.e.m.w.i.f.ResourceFilteringBuildParticipant - Changed resources require a complete clean of filtered resources of EMPLOYEEAPI-BACKEND
2025-09-06 00:34:20,852 [Worker-22: Building] INFO  o.e.m.w.i.f.ResourceFilteringBuildParticipant - Executing resource filtering for EMPLOYEEAPI-BACKEND
2025-09-06 00:35:42,155 [Worker-8: Building] ERROR o.e.m.c.i.p.r.ProjectRegistryManager - Could not read pom.xml
org.eclipse.core.runtime.CoreException: Could not read pom.xml
	at org.eclipse.m2e.core.internal.IMavenToolbox.readModel(IMavenToolbox.java:245)
	at org.eclipse.m2e.core.internal.project.registry.ProjectRegistryManager.refreshPhase2(ProjectRegistryManager.java:591)
	at org.eclipse.m2e.core.internal.project.registry.ProjectRegistryManager.refresh(ProjectRegistryManager.java:491)
	at org.eclipse.m2e.core.internal.project.registry.ProjectRegistryManager.refresh(ProjectRegistryManager.java:370)
	at org.eclipse.m2e.core.internal.project.registry.ProjectRegistryManager.refresh(ProjectRegistryManager.java:322)
	at org.eclipse.m2e.core.internal.builder.MavenBuilder$BuildMethod.getProjectFacade(MavenBuilder.java:146)
	at org.eclipse.m2e.core.internal.builder.MavenBuilder$BuildMethod.lambda$0(MavenBuilder.java:84)
	at org.eclipse.m2e.core.internal.embedder.MavenExecutionContext.executeBare(MavenExecutionContext.java:458)
	at org.eclipse.m2e.core.internal.embedder.MavenExecutionContext.execute(MavenExecutionContext.java:339)
	at org.eclipse.m2e.core.internal.embedder.MavenExecutionContext.execute(MavenExecutionContext.java:278)
	at org.eclipse.m2e.core.internal.builder.MavenBuilder$BuildMethod.execute(MavenBuilder.java:83)
	at org.eclipse.m2e.core.internal.builder.MavenBuilder.build(MavenBuilder.java:192)
	at org.eclipse.core.internal.events.BuildManager$2.run(BuildManager.java:1077)
	at org.eclipse.core.runtime.SafeRunner.run(SafeRunner.java:47)
	at org.eclipse.core.internal.events.BuildManager.basicBuild(BuildManager.java:296)
	at org.eclipse.core.internal.events.BuildManager.basicBuild(BuildManager.java:352)
	at org.eclipse.core.internal.events.BuildManager$1.run(BuildManager.java:441)
	at org.eclipse.core.runtime.SafeRunner.run(SafeRunner.java:47)
	at org.eclipse.core.internal.events.BuildManager.basicBuild(BuildManager.java:444)
	at org.eclipse.core.internal.events.BuildManager.basicBuildLoop(BuildManager.java:555)
	at org.eclipse.core.internal.events.BuildManager.basicBuildLoop(BuildManager.java:503)
	at org.eclipse.core.internal.events.BuildManager.build(BuildManager.java:585)
	at org.eclipse.core.internal.events.AutoBuildJob.doBuild(AutoBuildJob.java:207)
	at org.eclipse.core.internal.events.AutoBuildJob.run(AutoBuildJob.java:300)
	at org.eclipse.core.internal.jobs.Worker.run(Worker.java:63)
Caused by: org.apache.maven.model.io.ModelParseException: start tag unexpected character < (position: TEXT seen ...<build>\n    <fina\n        <... @69:10) 
	at org.apache.maven.model.io.DefaultModelReader.read(DefaultModelReader.java:96)
	at org.apache.maven.model.io.DefaultModelReader.read(DefaultModelReader.java:74)
	at org.eclipse.m2e.core.internal.IMavenToolbox.readModel(IMavenToolbox.java:243)
	... 24 common frames omitted
Caused by: org.codehaus.plexus.util.xml.pull.XmlPullParserException: start tag unexpected character < (position: TEXT seen ...<build>\n    <fina\n        <... @69:10) 
	at org.codehaus.plexus.util.xml.pull.MXParser.parseStartTag(MXParser.java:2286)
	at org.codehaus.plexus.util.xml.pull.MXParser.nextImpl(MXParser.java:1413)
	at org.codehaus.plexus.util.xml.pull.MXParser.next(MXParser.java:1375)
	at org.codehaus.plexus.util.xml.pull.MXParser.nextTag(MXParser.java:1360)
	at org.apache.maven.model.io.xpp3.MavenXpp3Reader.parseBuild(MavenXpp3Reader.java:945)
	at org.apache.maven.model.io.xpp3.MavenXpp3Reader.parseModel(MavenXpp3Reader.java:2364)
	at org.apache.maven.model.io.xpp3.MavenXpp3Reader.read(MavenXpp3Reader.java:623)
	at org.apache.maven.model.io.xpp3.MavenXpp3Reader.read(MavenXpp3Reader.java:654)
	at org.apache.maven.model.io.DefaultModelReader.read(DefaultModelReader.java:93)
	... 26 common frames omitted
2025-09-06 00:35:43,577 [Worker-19: Building] ERROR o.e.m.c.i.p.r.ProjectRegistryManager - Could not read pom.xml
org.eclipse.core.runtime.CoreException: Could not read pom.xml
	at org.eclipse.m2e.core.internal.IMavenToolbox.readModel(IMavenToolbox.java:245)
	at org.eclipse.m2e.core.internal.project.registry.ProjectRegistryManager.refreshPhase2(ProjectRegistryManager.java:591)
	at org.eclipse.m2e.core.internal.project.registry.ProjectRegistryManager.refresh(ProjectRegistryManager.java:491)
	at org.eclipse.m2e.core.internal.project.registry.ProjectRegistryManager.refresh(ProjectRegistryManager.java:370)
	at org.eclipse.m2e.core.internal.project.registry.ProjectRegistryManager.refresh(ProjectRegistryManager.java:322)
	at org.eclipse.m2e.core.internal.builder.MavenBuilder$BuildMethod.getProjectFacade(MavenBuilder.java:146)
	at org.eclipse.m2e.core.internal.builder.MavenBuilder$BuildMethod.lambda$0(MavenBuilder.java:84)
	at org.eclipse.m2e.core.internal.embedder.MavenExecutionContext.executeBare(MavenExecutionContext.java:458)
	at org.eclipse.m2e.core.internal.embedder.MavenExecutionContext.execute(MavenExecutionContext.java:339)
	at org.eclipse.m2e.core.internal.embedder.MavenExecutionContext.execute(MavenExecutionContext.java:278)
	at org.eclipse.m2e.core.internal.builder.MavenBuilder$BuildMethod.execute(MavenBuilder.java:83)
	at org.eclipse.m2e.core.internal.builder.MavenBuilder.build(MavenBuilder.java:192)
	at org.eclipse.core.internal.events.BuildManager$2.run(BuildManager.java:1077)
	at org.eclipse.core.runtime.SafeRunner.run(SafeRunner.java:47)
	at org.eclipse.core.internal.events.BuildManager.basicBuild(BuildManager.java:296)
	at org.eclipse.core.internal.events.BuildManager.basicBuild(BuildManager.java:352)
	at org.eclipse.core.internal.events.BuildManager$1.run(BuildManager.java:441)
	at org.eclipse.core.runtime.SafeRunner.run(SafeRunner.java:47)
	at org.eclipse.core.internal.events.BuildManager.basicBuild(BuildManager.java:444)
	at org.eclipse.core.internal.events.BuildManager.basicBuildLoop(BuildManager.java:555)
	at org.eclipse.core.internal.events.BuildManager.basicBuildLoop(BuildManager.java:503)
	at org.eclipse.core.internal.events.BuildManager.build(BuildManager.java:585)
	at org.eclipse.core.internal.events.AutoBuildJob.doBuild(AutoBuildJob.java:207)
	at org.eclipse.core.internal.events.AutoBuildJob.run(AutoBuildJob.java:300)
	at org.eclipse.core.internal.jobs.Worker.run(Worker.java:63)
Caused by: org.apache.maven.model.io.ModelParseException: start tag unexpected character < (position: TEXT seen ...<build>\n    <fina\n        <... @69:10) 
	at org.apache.maven.model.io.DefaultModelReader.read(DefaultModelReader.java:96)
	at org.apache.maven.model.io.DefaultModelReader.read(DefaultModelReader.java:74)
	at org.eclipse.m2e.core.internal.IMavenToolbox.readModel(IMavenToolbox.java:243)
	... 24 common frames omitted
Caused by: org.codehaus.plexus.util.xml.pull.XmlPullParserException: start tag unexpected character < (position: TEXT seen ...<build>\n    <fina\n        <... @69:10) 
	at org.codehaus.plexus.util.xml.pull.MXParser.parseStartTag(MXParser.java:2286)
	at org.codehaus.plexus.util.xml.pull.MXParser.nextImpl(MXParser.java:1413)
	at org.codehaus.plexus.util.xml.pull.MXParser.next(MXParser.java:1375)
	at org.codehaus.plexus.util.xml.pull.MXParser.nextTag(MXParser.java:1360)
	at org.apache.maven.model.io.xpp3.MavenXpp3Reader.parseBuild(MavenXpp3Reader.java:945)
	at org.apache.maven.model.io.xpp3.MavenXpp3Reader.parseModel(MavenXpp3Reader.java:2364)
	at org.apache.maven.model.io.xpp3.MavenXpp3Reader.read(MavenXpp3Reader.java:623)
	at org.apache.maven.model.io.xpp3.MavenXpp3Reader.read(MavenXpp3Reader.java:654)
	at org.apache.maven.model.io.DefaultModelReader.read(DefaultModelReader.java:93)
	... 26 common frames omitted
2025-09-06 00:40:25,596 [Worker-19: Building] INFO  o.e.m.c.i.l.LifecycleMappingFactory - Using org.maven.ide.eclipse.wtp.WarLifecycleMapping lifecycle mapping for MavenProject: com.klef.jenkinsfsd:JenkinsFullStackDemo1:0.0.1-SNAPSHOT @ D:\2025-26 odd sem\FRONTEND+BACKEND\JENKINS-FULLSTACK\EMPLOYEEAPI-BACKEND\pom.xml.
2025-09-06 00:40:26,376 [Worker-19: Building] INFO  o.a.m.s.f.DefaultMavenResourcesFiltering - Copying 0 resource from src\main\resources to target\classes
2025-09-06 00:40:26,377 [Worker-19: Building] INFO  o.a.m.s.f.DefaultMavenResourcesFiltering - Copying 0 resource from src\main\resources to target\classes
2025-09-06 00:40:26,380 [Worker-19: Building] INFO  o.a.m.s.f.DefaultMavenResourcesFiltering - skip non existing resourceDirectory D:\2025-26 odd sem\FRONTEND+BACKEND\JENKINS-FULLSTACK\EMPLOYEEAPI-BACKEND\src\test\resources
2025-09-06 00:40:26,381 [Worker-19: Building] INFO  o.e.m.w.i.f.ResourceFilteringBuildParticipant - Changed resources require a complete clean of filtered resources of EMPLOYEEAPI-BACKEND
2025-09-06 00:40:26,381 [Worker-19: Building] INFO  o.e.m.w.i.f.ResourceFilteringBuildParticipant - Executing resource filtering for EMPLOYEEAPI-BACKEND
2025-09-06 00:40:35,352 [Worker-23: Updating Maven Project] INFO  o.e.m.c.i.p.ProjectConfigurationManager - Update started
2025-09-06 00:40:35,731 [Worker-23: Updating Maven Project] INFO  o.e.m.c.i.l.LifecycleMappingFactory - Using org.maven.ide.eclipse.wtp.WarLifecycleMapping lifecycle mapping for MavenProject: com.klef.jenkinsfsd:JenkinsFullStackDemo1:0.0.1-SNAPSHOT @ D:\2025-26 odd sem\FRONTEND+BACKEND\JENKINS-FULLSTACK\EMPLOYEEAPI-BACKEND\pom.xml.
2025-09-06 00:40:36,527 [Worker-23: Updating Maven Project] INFO  o.e.m.j.i.AbstractJavaProjectConfigurator - Adding source folder /EMPLOYEEAPI-BACKEND/src/main/java
2025-09-06 00:40:36,528 [Worker-23: Updating Maven Project] INFO  o.e.m.j.i.AbstractJavaProjectConfigurator - Adding resource folder /EMPLOYEEAPI-BACKEND/src/main/resources
2025-09-06 00:40:36,528 [Worker-23: Updating Maven Project] INFO  o.e.m.j.i.AbstractJavaProjectConfigurator - Adding resource folder /EMPLOYEEAPI-BACKEND/src/main/resources
2025-09-06 00:40:36,529 [Worker-23: Updating Maven Project] INFO  o.e.m.j.i.AbstractJavaProjectConfigurator - Adding source folder /EMPLOYEEAPI-BACKEND/src/test/java
2025-09-06 00:40:36,529 [Worker-23: Updating Maven Project] INFO  o.e.m.j.i.AbstractJavaProjectConfigurator - Adding resource folder /EMPLOYEEAPI-BACKEND/src/test/resources
2025-09-06 00:40:37,208 [Worker-23: Updating Maven Project] INFO  o.e.m.w.i.f.ResourceFilteringBuildParticipant - Cleaning filtered folder for EMPLOYEEAPI-BACKEND
2025-09-06 00:40:37,234 [Worker-23: Updating Maven Project] INFO  o.e.m.c.i.p.ProjectConfigurationManager - Update completed for 1 poms: local refresh takes 0.00 sec, refresh facades takes 1.00 sec, update config takes 0.00 sec 
2025-09-06 00:40:37,848 [Worker-20: Building] INFO  o.a.m.s.f.DefaultMavenResourcesFiltering - Copying 1 resource from src\main\resources to target\classes
2025-09-06 00:40:37,949 [Worker-20: Building] INFO  o.a.m.s.f.DefaultMavenResourcesFiltering - Copying 0 resource from src\main\resources to target\classes
2025-09-06 00:40:37,955 [Worker-20: Building] INFO  o.a.m.s.f.DefaultMavenResourcesFiltering - skip non existing resourceDirectory D:\2025-26 odd sem\FRONTEND+BACKEND\JENKINS-FULLSTACK\EMPLOYEEAPI-BACKEND\src\test\resources
2025-09-06 00:40:37,955 [Worker-20: Building] INFO  o.e.m.w.i.f.ResourceFilteringBuildParticipant - Changed resources require a complete clean of filtered resources of EMPLOYEEAPI-BACKEND
2025-09-06 00:40:37,955 [Worker-20: Building] INFO  o.e.m.w.i.f.ResourceFilteringBuildParticipant - Executing resource filtering for EMPLOYEEAPI-BACKEND
2025-09-06 01:09:44,289 [Worker-8: Building] INFO  o.a.m.s.f.DefaultMavenResourcesFiltering - Copying 1 resource from src\main\resources to target\classes
2025-09-06 01:09:44,299 [Worker-8: Building] INFO  o.a.m.s.f.DefaultMavenResourcesFiltering - Copying 0 resource from src\main\resources to target\classes
2025-09-06 01:09:44,302 [Worker-8: Building] INFO  o.a.m.s.f.DefaultMavenResourcesFiltering - skip non existing resourceDirectory D:\2025-26 odd sem\FRONTEND+BACKEND\JENKINS-FULLSTACK\EMPLOYEEAPI-BACKEND\src\test\resources
2025-09-06 01:44:24,664 [Worker-21: Launching Executing install in D__2025-26 odd sem_FRONTEND+BACKEND_JENKINS-FULLSTACK_EMPLOYEEAPI-BACKEND] INFO  o.eclipse.m2e.core.internal.Bundles - getClasspathEntries(Bundle=org.eclipse.m2e.maven.runtime_3.9.900.20240824-1409 [364])
2025-09-06 01:44:24,668 [Worker-21: Launching Executing install in D__2025-26 odd sem_FRONTEND+BACKEND_JENKINS-FULLSTACK_EMPLOYEEAPI-BACKEND] INFO  o.eclipse.m2e.core.internal.Bundles - 	Entry: D:\FSD_sec\sts-4.27.0.RELEASE\plugins\org.eclipse.m2e.maven.runtime_3.9.900.20240824-1409
2025-09-06 01:44:24,668 [Worker-21: Launching Executing install in D__2025-26 odd sem_FRONTEND+BACKEND_JENKINS-FULLSTACK_EMPLOYEEAPI-BACKEND] INFO  o.eclipse.m2e.core.internal.Bundles - 	Entry: D:\FSD_sec\sts-4.27.0.RELEASE\plugins\org.eclipse.m2e.maven.runtime_3.9.900.20240824-1409\jars\aopalliance-1.0.jar
2025-09-06 01:44:24,668 [Worker-21: Launching Executing install in D__2025-26 odd sem_FRONTEND+BACKEND_JENKINS-FULLSTACK_EMPLOYEEAPI-BACKEND] INFO  o.eclipse.m2e.core.internal.Bundles - 	Entry: D:\FSD_sec\sts-4.27.0.RELEASE\plugins\org.eclipse.m2e.maven.runtime_3.9.900.20240824-1409\jars\guice-5.1.0.jar
2025-09-06 01:44:24,668 [Worker-21: Launching Executing install in D__2025-26 odd sem_FRONTEND+BACKEND_JENKINS-FULLSTACK_EMPLOYEEAPI-BACKEND] INFO  o.eclipse.m2e.core.internal.Bundles - 	Entry: D:\FSD_sec\sts-4.27.0.RELEASE\plugins\org.eclipse.m2e.maven.runtime_3.9.900.20240824-1409\jars\httpclient-4.5.14.jar
2025-09-06 01:44:24,668 [Worker-21: Launching Executing install in D__2025-26 odd sem_FRONTEND+BACKEND_JENKINS-FULLSTACK_EMPLOYEEAPI-BACKEND] INFO  o.eclipse.m2e.core.internal.Bundles - 	Entry: D:\FSD_sec\sts-4.27.0.RELEASE\plugins\org.eclipse.m2e.maven.runtime_3.9.900.20240824-1409\jars\httpcore-4.4.16.jar
2025-09-06 01:44:24,668 [Worker-21: Launching Executing install in D__2025-26 odd sem_FRONTEND+BACKEND_JENKINS-FULLSTACK_EMPLOYEEAPI-BACKEND] INFO  o.eclipse.m2e.core.internal.Bundles - 	Entry: D:\FSD_sec\sts-4.27.0.RELEASE\plugins\org.eclipse.m2e.maven.runtime_3.9.900.20240824-1409\jars\jansi-2.4.1.jar
2025-09-06 01:44:24,669 [Worker-21: Launching Executing install in D__2025-26 odd sem_FRONTEND+BACKEND_JENKINS-FULLSTACK_EMPLOYEEAPI-BACKEND] INFO  o.eclipse.m2e.core.internal.Bundles - 	Entry: D:\FSD_sec\sts-4.27.0.RELEASE\plugins\org.eclipse.m2e.maven.runtime_3.9.900.20240824-1409\jars\jcl-over-slf4j-1.7.36.jar
2025-09-06 01:44:24,669 [Worker-21: Launching Executing install in D__2025-26 odd sem_FRONTEND+BACKEND_JENKINS-FULLSTACK_EMPLOYEEAPI-BACKEND] INFO  o.eclipse.m2e.core.internal.Bundles - 	Entry: D:\FSD_sec\sts-4.27.0.RELEASE\plugins\org.eclipse.m2e.maven.runtime_3.9.900.20240824-1409\jars\maven-artifact-3.9.9.jar
2025-09-06 01:44:24,669 [Worker-21: Launching Executing install in D__2025-26 odd sem_FRONTEND+BACKEND_JENKINS-FULLSTACK_EMPLOYEEAPI-BACKEND] INFO  o.eclipse.m2e.core.internal.Bundles - 	Entry: D:\FSD_sec\sts-4.27.0.RELEASE\plugins\org.eclipse.m2e.maven.runtime_3.9.900.20240824-1409\jars\maven-builder-support-3.9.9.jar
2025-09-06 01:44:24,669 [Worker-21: Launching Executing install in D__2025-26 odd sem_FRONTEND+BACKEND_JENKINS-FULLSTACK_EMPLOYEEAPI-BACKEND] INFO  o.eclipse.m2e.core.internal.Bundles - 	Entry: D:\FSD_sec\sts-4.27.0.RELEASE\plugins\org.eclipse.m2e.maven.runtime_3.9.900.20240824-1409\jars\maven-compat-3.9.9.jar
2025-09-06 01:44:24,669 [Worker-21: Launching Executing install in D__2025-26 odd sem_FRONTEND+BACKEND_JENKINS-FULLSTACK_EMPLOYEEAPI-BACKEND] INFO  o.eclipse.m2e.core.internal.Bundles - 	Entry: D:\FSD_sec\sts-4.27.0.RELEASE\plugins\org.eclipse.m2e.maven.runtime_3.9.900.20240824-1409\jars\maven-core-3.9.9.jar
2025-09-06 01:44:24,669 [Worker-21: Launching Executing install in D__2025-26 odd sem_FRONTEND+BACKEND_JENKINS-FULLSTACK_EMPLOYEEAPI-BACKEND] INFO  o.eclipse.m2e.core.internal.Bundles - 	Entry: D:\FSD_sec\sts-4.27.0.RELEASE\plugins\org.eclipse.m2e.maven.runtime_3.9.900.20240824-1409\jars\maven-embedder-3.9.9.jar
2025-09-06 01:44:24,669 [Worker-21: Launching Executing install in D__2025-26 odd sem_FRONTEND+BACKEND_JENKINS-FULLSTACK_EMPLOYEEAPI-BACKEND] INFO  o.eclipse.m2e.core.internal.Bundles - 	Entry: D:\FSD_sec\sts-4.27.0.RELEASE\plugins\org.eclipse.m2e.maven.runtime_3.9.900.20240824-1409\jars\maven-model-3.9.9.jar
2025-09-06 01:44:24,669 [Worker-21: Launching Executing install in D__2025-26 odd sem_FRONTEND+BACKEND_JENKINS-FULLSTACK_EMPLOYEEAPI-BACKEND] INFO  o.eclipse.m2e.core.internal.Bundles - 	Entry: D:\FSD_sec\sts-4.27.0.RELEASE\plugins\org.eclipse.m2e.maven.runtime_3.9.900.20240824-1409\jars\maven-model-builder-3.9.9.jar
2025-09-06 01:44:24,669 [Worker-21: Launching Executing install in D__2025-26 odd sem_FRONTEND+BACKEND_JENKINS-FULLSTACK_EMPLOYEEAPI-BACKEND] INFO  o.eclipse.m2e.core.internal.Bundles - 	Entry: D:\FSD_sec\sts-4.27.0.RELEASE\plugins\org.eclipse.m2e.maven.runtime_3.9.900.20240824-1409\jars\maven-plugin-api-3.9.9.jar
2025-09-06 01:44:24,670 [Worker-21: Launching Executing install in D__2025-26 odd sem_FRONTEND+BACKEND_JENKINS-FULLSTACK_EMPLOYEEAPI-BACKEND] INFO  o.eclipse.m2e.core.internal.Bundles - 	Entry: D:\FSD_sec\sts-4.27.0.RELEASE\plugins\org.eclipse.m2e.maven.runtime_3.9.900.20240824-1409\jars\maven-repository-metadata-3.9.9.jar
2025-09-06 01:44:24,670 [Worker-21: Launching Executing install in D__2025-26 odd sem_FRONTEND+BACKEND_JENKINS-FULLSTACK_EMPLOYEEAPI-BACKEND] INFO  o.eclipse.m2e.core.internal.Bundles - 	Entry: D:\FSD_sec\sts-4.27.0.RELEASE\plugins\org.eclipse.m2e.maven.runtime_3.9.900.20240824-1409\jars\maven-resolver-api-1.9.22.jar
2025-09-06 01:44:24,670 [Worker-21: Launching Executing install in D__2025-26 odd sem_FRONTEND+BACKEND_JENKINS-FULLSTACK_EMPLOYEEAPI-BACKEND] INFO  o.eclipse.m2e.core.internal.Bundles - 	Entry: D:\FSD_sec\sts-4.27.0.RELEASE\plugins\org.eclipse.m2e.maven.runtime_3.9.900.20240824-1409\jars\maven-resolver-connector-basic-1.9.22.jar
2025-09-06 01:44:24,670 [Worker-21: Launching Executing install in D__2025-26 odd sem_FRONTEND+BACKEND_JENKINS-FULLSTACK_EMPLOYEEAPI-BACKEND] INFO  o.eclipse.m2e.core.internal.Bundles - 	Entry: D:\FSD_sec\sts-4.27.0.RELEASE\plugins\org.eclipse.m2e.maven.runtime_3.9.900.20240824-1409\jars\maven-resolver-impl-1.9.22.jar
2025-09-06 01:44:24,670 [Worker-21: Launching Executing install in D__2025-26 odd sem_FRONTEND+BACKEND_JENKINS-FULLSTACK_EMPLOYEEAPI-BACKEND] INFO  o.eclipse.m2e.core.internal.Bundles - 	Entry: D:\FSD_sec\sts-4.27.0.RELEASE\plugins\org.eclipse.m2e.maven.runtime_3.9.900.20240824-1409\jars\maven-resolver-named-locks-1.9.22.jar
2025-09-06 01:44:24,670 [Worker-21: Launching Executing install in D__2025-26 odd sem_FRONTEND+BACKEND_JENKINS-FULLSTACK_EMPLOYEEAPI-BACKEND] INFO  o.eclipse.m2e.core.internal.Bundles - 	Entry: D:\FSD_sec\sts-4.27.0.RELEASE\plugins\org.eclipse.m2e.maven.runtime_3.9.900.20240824-1409\jars\maven-resolver-provider-3.9.9.jar
2025-09-06 01:44:24,670 [Worker-21: Launching Executing install in D__2025-26 odd sem_FRONTEND+BACKEND_JENKINS-FULLSTACK_EMPLOYEEAPI-BACKEND] INFO  o.eclipse.m2e.core.internal.Bundles - 	Entry: D:\FSD_sec\sts-4.27.0.RELEASE\plugins\org.eclipse.m2e.maven.runtime_3.9.900.20240824-1409\jars\maven-resolver-spi-1.9.22.jar
2025-09-06 01:44:24,670 [Worker-21: Launching Executing install in D__2025-26 odd sem_FRONTEND+BACKEND_JENKINS-FULLSTACK_EMPLOYEEAPI-BACKEND] INFO  o.eclipse.m2e.core.internal.Bundles - 	Entry: D:\FSD_sec\sts-4.27.0.RELEASE\plugins\org.eclipse.m2e.maven.runtime_3.9.900.20240824-1409\jars\maven-resolver-transport-file-1.9.22.jar
2025-09-06 01:44:24,670 [Worker-21: Launching Executing install in D__2025-26 odd sem_FRONTEND+BACKEND_JENKINS-FULLSTACK_EMPLOYEEAPI-BACKEND] INFO  o.eclipse.m2e.core.internal.Bundles - 	Entry: D:\FSD_sec\sts-4.27.0.RELEASE\plugins\org.eclipse.m2e.maven.runtime_3.9.900.20240824-1409\jars\maven-resolver-transport-http-1.9.22.jar
2025-09-06 01:44:24,670 [Worker-21: Launching Executing install in D__2025-26 odd sem_FRONTEND+BACKEND_JENKINS-FULLSTACK_EMPLOYEEAPI-BACKEND] INFO  o.eclipse.m2e.core.internal.Bundles - 	Entry: D:\FSD_sec\sts-4.27.0.RELEASE\plugins\org.eclipse.m2e.maven.runtime_3.9.900.20240824-1409\jars\maven-resolver-transport-wagon-1.9.22.jar
2025-09-06 01:44:24,670 [Worker-21: Launching Executing install in D__2025-26 odd sem_FRONTEND+BACKEND_JENKINS-FULLSTACK_EMPLOYEEAPI-BACKEND] INFO  o.eclipse.m2e.core.internal.Bundles - 	Entry: D:\FSD_sec\sts-4.27.0.RELEASE\plugins\org.eclipse.m2e.maven.runtime_3.9.900.20240824-1409\jars\maven-resolver-util-1.9.22.jar
2025-09-06 01:44:24,671 [Worker-21: Launching Executing install in D__2025-26 odd sem_FRONTEND+BACKEND_JENKINS-FULLSTACK_EMPLOYEEAPI-BACKEND] INFO  o.eclipse.m2e.core.internal.Bundles - 	Entry: D:\FSD_sec\sts-4.27.0.RELEASE\plugins\org.eclipse.m2e.maven.runtime_3.9.900.20240824-1409\jars\maven-settings-3.9.9.jar
2025-09-06 01:44:24,671 [Worker-21: Launching Executing install in D__2025-26 odd sem_FRONTEND+BACKEND_JENKINS-FULLSTACK_EMPLOYEEAPI-BACKEND] INFO  o.eclipse.m2e.core.internal.Bundles - 	Entry: D:\FSD_sec\sts-4.27.0.RELEASE\plugins\org.eclipse.m2e.maven.runtime_3.9.900.20240824-1409\jars\maven-settings-builder-3.9.9.jar
2025-09-06 01:44:24,671 [Worker-21: Launching Executing install in D__2025-26 odd sem_FRONTEND+BACKEND_JENKINS-FULLSTACK_EMPLOYEEAPI-BACKEND] INFO  o.eclipse.m2e.core.internal.Bundles - 	Entry: D:\FSD_sec\sts-4.27.0.RELEASE\plugins\org.eclipse.m2e.maven.runtime_3.9.900.20240824-1409\jars\maven-shared-utils-3.4.2.jar
2025-09-06 01:44:24,671 [Worker-21: Launching Executing install in D__2025-26 odd sem_FRONTEND+BACKEND_JENKINS-FULLSTACK_EMPLOYEEAPI-BACKEND] INFO  o.eclipse.m2e.core.internal.Bundles - 	Entry: D:\FSD_sec\sts-4.27.0.RELEASE\plugins\org.eclipse.m2e.maven.runtime_3.9.900.20240824-1409\jars\org.eclipse.sisu.inject-0.9.0.M3.jar
2025-09-06 01:44:24,671 [Worker-21: Launching Executing install in D__2025-26 odd sem_FRONTEND+BACKEND_JENKINS-FULLSTACK_EMPLOYEEAPI-BACKEND] INFO  o.eclipse.m2e.core.internal.Bundles - 	Entry: D:\FSD_sec\sts-4.27.0.RELEASE\plugins\org.eclipse.m2e.maven.runtime_3.9.900.20240824-1409\jars\org.eclipse.sisu.plexus-0.9.0.M3.jar
2025-09-06 01:44:24,671 [Worker-21: Launching Executing install in D__2025-26 odd sem_FRONTEND+BACKEND_JENKINS-FULLSTACK_EMPLOYEEAPI-BACKEND] INFO  o.eclipse.m2e.core.internal.Bundles - 	Entry: D:\FSD_sec\sts-4.27.0.RELEASE\plugins\org.eclipse.m2e.maven.runtime_3.9.900.20240824-1409\jars\plexus-build-api-0.0.7.jar
2025-09-06 01:44:24,671 [Worker-21: Launching Executing install in D__2025-26 odd sem_FRONTEND+BACKEND_JENKINS-FULLSTACK_EMPLOYEEAPI-BACKEND] INFO  o.eclipse.m2e.core.internal.Bundles - 	Entry: D:\FSD_sec\sts-4.27.0.RELEASE\plugins\org.eclipse.m2e.maven.runtime_3.9.900.20240824-1409\jars\plexus-build-api-1.2.0.jar
2025-09-06 01:44:24,671 [Worker-21: Launching Executing install in D__2025-26 odd sem_FRONTEND+BACKEND_JENKINS-FULLSTACK_EMPLOYEEAPI-BACKEND] INFO  o.eclipse.m2e.core.internal.Bundles - 	Entry: D:\FSD_sec\sts-4.27.0.RELEASE\plugins\org.eclipse.m2e.maven.runtime_3.9.900.20240824-1409\jars\plexus-cipher-2.0.jar
2025-09-06 01:44:24,671 [Worker-21: Launching Executing install in D__2025-26 odd sem_FRONTEND+BACKEND_JENKINS-FULLSTACK_EMPLOYEEAPI-BACKEND] INFO  o.eclipse.m2e.core.internal.Bundles - 	Entry: D:\FSD_sec\sts-4.27.0.RELEASE\plugins\org.eclipse.m2e.maven.runtime_3.9.900.20240824-1409\jars\plexus-classworlds-2.8.0.jar
2025-09-06 01:44:24,671 [Worker-21: Launching Executing install in D__2025-26 odd sem_FRONTEND+BACKEND_JENKINS-FULLSTACK_EMPLOYEEAPI-BACKEND] INFO  o.eclipse.m2e.core.internal.Bundles - 	Entry: D:\FSD_sec\sts-4.27.0.RELEASE\plugins\org.eclipse.m2e.maven.runtime_3.9.900.20240824-1409\jars\plexus-component-annotations-2.1.0.jar
2025-09-06 01:44:24,671 [Worker-21: Launching Executing install in D__2025-26 odd sem_FRONTEND+BACKEND_JENKINS-FULLSTACK_EMPLOYEEAPI-BACKEND] INFO  o.eclipse.m2e.core.internal.Bundles - 	Entry: D:\FSD_sec\sts-4.27.0.RELEASE\plugins\org.eclipse.m2e.maven.runtime_3.9.900.20240824-1409\jars\plexus-interpolation-1.27.jar
2025-09-06 01:44:24,671 [Worker-21: Launching Executing install in D__2025-26 odd sem_FRONTEND+BACKEND_JENKINS-FULLSTACK_EMPLOYEEAPI-BACKEND] INFO  o.eclipse.m2e.core.internal.Bundles - 	Entry: D:\FSD_sec\sts-4.27.0.RELEASE\plugins\org.eclipse.m2e.maven.runtime_3.9.900.20240824-1409\jars\plexus-sec-dispatcher-2.0.jar
2025-09-06 01:44:24,671 [Worker-21: Launching Executing install in D__2025-26 odd sem_FRONTEND+BACKEND_JENKINS-FULLSTACK_EMPLOYEEAPI-BACKEND] INFO  o.eclipse.m2e.core.internal.Bundles - 	Entry: D:\FSD_sec\sts-4.27.0.RELEASE\plugins\org.eclipse.m2e.maven.runtime_3.9.900.20240824-1409\jars\plexus-utils-3.5.1.jar
2025-09-06 01:44:24,671 [Worker-21: Launching Executing install in D__2025-26 odd sem_FRONTEND+BACKEND_JENKINS-FULLSTACK_EMPLOYEEAPI-BACKEND] INFO  o.eclipse.m2e.core.internal.Bundles - 	Entry: D:\FSD_sec\sts-4.27.0.RELEASE\plugins\org.eclipse.m2e.maven.runtime_3.9.900.20240824-1409\jars\plexus-xml-3.0.1.jar
2025-09-06 01:44:24,671 [Worker-21: Launching Executing install in D__2025-26 odd sem_FRONTEND+BACKEND_JENKINS-FULLSTACK_EMPLOYEEAPI-BACKEND] INFO  o.eclipse.m2e.core.internal.Bundles - 	Entry: D:\FSD_sec\sts-4.27.0.RELEASE\plugins\org.eclipse.m2e.maven.runtime_3.9.900.20240824-1409\jars\wagon-file-3.5.3.jar
2025-09-06 01:44:24,672 [Worker-21: Launching Executing install in D__2025-26 odd sem_FRONTEND+BACKEND_JENKINS-FULLSTACK_EMPLOYEEAPI-BACKEND] INFO  o.eclipse.m2e.core.internal.Bundles - 	Entry: D:\FSD_sec\sts-4.27.0.RELEASE\plugins\org.eclipse.m2e.maven.runtime_3.9.900.20240824-1409\jars\wagon-http-3.5.3.jar
2025-09-06 01:44:24,672 [Worker-21: Launching Executing install in D__2025-26 odd sem_FRONTEND+BACKEND_JENKINS-FULLSTACK_EMPLOYEEAPI-BACKEND] INFO  o.eclipse.m2e.core.internal.Bundles - 	Entry: D:\FSD_sec\sts-4.27.0.RELEASE\plugins\org.eclipse.m2e.maven.runtime_3.9.900.20240824-1409\jars\wagon-http-shared-3.5.3.jar
2025-09-06 01:44:24,672 [Worker-21: Launching Executing install in D__2025-26 odd sem_FRONTEND+BACKEND_JENKINS-FULLSTACK_EMPLOYEEAPI-BACKEND] INFO  o.eclipse.m2e.core.internal.Bundles - 	Entry: D:\FSD_sec\sts-4.27.0.RELEASE\plugins\org.eclipse.m2e.maven.runtime_3.9.900.20240824-1409\jars\wagon-provider-api-3.5.3.jar
2025-09-06 01:44:24,673 [Worker-21: Launching Executing install in D__2025-26 odd sem_FRONTEND+BACKEND_JENKINS-FULLSTACK_EMPLOYEEAPI-BACKEND] INFO  o.eclipse.m2e.core.internal.Bundles - getClasspathEntries(Bundle=com.google.guava_33.3.1.jre [29])
2025-09-06 01:44:24,673 [Worker-21: Launching Executing install in D__2025-26 odd sem_FRONTEND+BACKEND_JENKINS-FULLSTACK_EMPLOYEEAPI-BACKEND] INFO  o.eclipse.m2e.core.internal.Bundles - 	Entry: D:\FSD_sec\sts-4.27.0.RELEASE\plugins\com.google.guava_33.3.1.jre.jar
2025-09-06 01:44:24,674 [Worker-21: Launching Executing install in D__2025-26 odd sem_FRONTEND+BACKEND_JENKINS-FULLSTACK_EMPLOYEEAPI-BACKEND] INFO  o.eclipse.m2e.core.internal.Bundles - getClasspathEntries(Bundle=slf4j.api_2.0.16 [615])
2025-09-06 01:44:24,674 [Worker-21: Launching Executing install in D__2025-26 odd sem_FRONTEND+BACKEND_JENKINS-FULLSTACK_EMPLOYEEAPI-BACKEND] INFO  o.eclipse.m2e.core.internal.Bundles - 	Entry: D:\FSD_sec\sts-4.27.0.RELEASE\plugins\slf4j.api_2.0.16.jar
2025-09-06 01:44:24,674 [Worker-21: Launching Executing install in D__2025-26 odd sem_FRONTEND+BACKEND_JENKINS-FULLSTACK_EMPLOYEEAPI-BACKEND] INFO  o.eclipse.m2e.core.internal.Bundles - getClasspathEntries(Bundle=jakarta.inject.jakarta.inject-api_1.0.5 [45])
2025-09-06 01:44:24,675 [Worker-21: Launching Executing install in D__2025-26 odd sem_FRONTEND+BACKEND_JENKINS-FULLSTACK_EMPLOYEEAPI-BACKEND] INFO  o.eclipse.m2e.core.internal.Bundles - 	Entry: D:\FSD_sec\sts-4.27.0.RELEASE\plugins\jakarta.inject.jakarta.inject-api_1.0.5.jar
2025-09-06 01:44:24,675 [Worker-21: Launching Executing install in D__2025-26 odd sem_FRONTEND+BACKEND_JENKINS-FULLSTACK_EMPLOYEEAPI-BACKEND] INFO  o.eclipse.m2e.core.internal.Bundles - getClasspathEntries(Bundle=jakarta.annotation-api_1.3.5 [41])
2025-09-06 01:44:24,675 [Worker-21: Launching Executing install in D__2025-26 odd sem_FRONTEND+BACKEND_JENKINS-FULLSTACK_EMPLOYEEAPI-BACKEND] INFO  o.eclipse.m2e.core.internal.Bundles - 	Entry: D:\FSD_sec\sts-4.27.0.RELEASE\plugins\jakarta.annotation-api_1.3.5.jar
2025-09-06 01:44:24,675 [Worker-21: Launching Executing install in D__2025-26 odd sem_FRONTEND+BACKEND_JENKINS-FULLSTACK_EMPLOYEEAPI-BACKEND] INFO  o.eclipse.m2e.core.internal.Bundles - getClasspathEntries(Bundle=org.apache.commons.cli_1.9.0 [78])
2025-09-06 01:44:24,675 [Worker-21: Launching Executing install in D__2025-26 odd sem_FRONTEND+BACKEND_JENKINS-FULLSTACK_EMPLOYEEAPI-BACKEND] INFO  o.eclipse.m2e.core.internal.Bundles - 	Entry: D:\FSD_sec\sts-4.27.0.RELEASE\plugins\org.apache.commons.cli_1.9.0.jar
2025-09-06 01:44:24,675 [Worker-21: Launching Executing install in D__2025-26 odd sem_FRONTEND+BACKEND_JENKINS-FULLSTACK_EMPLOYEEAPI-BACKEND] INFO  o.eclipse.m2e.core.internal.Bundles - getClasspathEntries(Bundle=org.apache.commons.commons-codec_1.16.0 [81])
2025-09-06 01:44:24,676 [Worker-21: Launching Executing install in D__2025-26 odd sem_FRONTEND+BACKEND_JENKINS-FULLSTACK_EMPLOYEEAPI-BACKEND] INFO  o.eclipse.m2e.core.internal.Bundles - 	Entry: D:\FSD_sec\sts-4.27.0.RELEASE\plugins\org.apache.commons.commons-codec_1.16.0.jar
2025-09-06 01:44:24,676 [Worker-21: Launching Executing install in D__2025-26 odd sem_FRONTEND+BACKEND_JENKINS-FULLSTACK_EMPLOYEEAPI-BACKEND] INFO  o.eclipse.m2e.core.internal.Bundles - getClasspathEntries(Bundle=com.google.guava.failureaccess_1.0.2 [30])
2025-09-06 01:44:24,676 [Worker-21: Launching Executing install in D__2025-26 odd sem_FRONTEND+BACKEND_JENKINS-FULLSTACK_EMPLOYEEAPI-BACKEND] INFO  o.eclipse.m2e.core.internal.Bundles - 	Entry: D:\FSD_sec\sts-4.27.0.RELEASE\plugins\com.google.guava.failureaccess_1.0.2.jar
2025-09-06 01:44:24,680 [Worker-21: Launching Executing install in D__2025-26 odd sem_FRONTEND+BACKEND_JENKINS-FULLSTACK_EMPLOYEEAPI-BACKEND] INFO  o.e.m.i.launch.MavenLaunchDelegate - Run build in "D:\2025-26 odd sem\FRONTEND+BACKEND\JENKINS-FULLSTACK\EMPLOYEEAPI-BACKEND":
2025-09-06 01:44:24,681 [Worker-21: Launching Executing install in D__2025-26 odd sem_FRONTEND+BACKEND_JENKINS-FULLSTACK_EMPLOYEEAPI-BACKEND] INFO  o.e.m.i.launch.MavenLaunchDelegate -  mvn  -B -Dstyle.color=always install
2025-09-06 02:11:47,648 [Worker-22: Updating Maven Project] INFO  o.e.m.c.i.p.ProjectConfigurationManager - Update started
2025-09-06 02:11:48,158 [Worker-22: Updating Maven Project] INFO  o.e.m.c.i.l.LifecycleMappingFactory - Using org.maven.ide.eclipse.wtp.WarLifecycleMapping lifecycle mapping for MavenProject: com.klef.jenkinsfsd:JenkinsFullStackDemo1:0.0.1-SNAPSHOT @ D:\2025-26 odd sem\FRONTEND+BACKEND\JENKINS-FULLSTACK\EMPLOYEEAPI-BACKEND\pom.xml.
2025-09-06 02:11:48,872 [Worker-22: Updating Maven Project] INFO  o.e.m.j.i.AbstractJavaProjectConfigurator - Adding source folder /EMPLOYEEAPI-BACKEND/src/main/java
2025-09-06 02:11:48,872 [Worker-22: Updating Maven Project] INFO  o.e.m.j.i.AbstractJavaProjectConfigurator - Adding resource folder /EMPLOYEEAPI-BACKEND/src/main/resources
2025-09-06 02:11:48,873 [Worker-22: Updating Maven Project] INFO  o.e.m.j.i.AbstractJavaProjectConfigurator - Adding resource folder /EMPLOYEEAPI-BACKEND/src/main/resources
2025-09-06 02:11:48,874 [Worker-22: Updating Maven Project] INFO  o.e.m.j.i.AbstractJavaProjectConfigurator - Adding source folder /EMPLOYEEAPI-BACKEND/src/test/java
2025-09-06 02:11:48,874 [Worker-22: Updating Maven Project] INFO  o.e.m.j.i.AbstractJavaProjectConfigurator - Adding resource folder /EMPLOYEEAPI-BACKEND/src/test/resources
2025-09-06 02:11:49,536 [Worker-22: Updating Maven Project] INFO  o.e.m.w.i.f.ResourceFilteringBuildParticipant - Cleaning filtered folder for EMPLOYEEAPI-BACKEND
2025-09-06 02:11:49,567 [Worker-22: Updating Maven Project] INFO  o.e.m.c.i.p.ProjectConfigurationManager - Update completed for 1 poms: local refresh takes 0.00 sec, refresh facades takes 1.00 sec, update config takes 0.00 sec 
2025-09-06 02:11:50,134 [Worker-19: Building] INFO  o.a.m.s.f.DefaultMavenResourcesFiltering - Copying 1 resource from src\main\resources to target\classes
2025-09-06 02:11:50,184 [Worker-19: Building] INFO  o.a.m.s.f.DefaultMavenResourcesFiltering - Copying 4 resources from src\main\resources to target\classes
2025-09-06 02:11:50,198 [Worker-19: Building] INFO  o.a.m.s.f.DefaultMavenResourcesFiltering - skip non existing resourceDirectory D:\2025-26 odd sem\FRONTEND+BACKEND\JENKINS-FULLSTACK\EMPLOYEEAPI-BACKEND\src\test\resources
2025-09-06 02:11:50,198 [Worker-19: Building] INFO  o.e.m.w.i.f.ResourceFilteringBuildParticipant - Changed resources require a complete clean of filtered resources of EMPLOYEEAPI-BACKEND
2025-09-06 02:11:50,198 [Worker-19: Building] INFO  o.e.m.w.i.f.ResourceFilteringBuildParticipant - Executing resource filtering for EMPLOYEEAPI-BACKEND
